nohup: ignoring input
───────────────────────────── Starting Reflex App ──────────────────────────────
INFO (config_logic): Cargados 12 cursos con sus libros correspondientes
  - 1ro Básico: 4 libros
  - 2do Básico: 4 libros
  - 3ro Básico: 4 libros
  - 4to Básico: 4 libros
  - 5to Básico: 4 libros
  - 6to Básico: 4 libros
  - 7mo Básico: 4 libros
  - 8vo Básico: 4 libros
  - 1ro Medio: 6 libros
  - 2do Medio: 6 libros
  - 3ro Medio: 3 libros
  - 4to Medio: 3 libros
INFO (config_logic): Hashes de ejemplo cargados (¡SOLO PARA DESARROLLO!)
INFO (login_logic): Usando 'validar_credenciales' desde .config_logic
INFO (resumen_logic): Usando import relativo para config_logic
INFO (resumen_logic): FPDF disponible para generar PDFs.
INFO (db_logic): Base de datos inicializada / tabla asegurada.
INFO: Base de datos inicializada.
INFO: Módulos de backend importados correctamente.
INFO (db_logic): Base de datos inicializada / tabla asegurada.
INFO: Base de datos inicializada.
INFO: Módulos de backend importados correctamente.
Warning: Invalid icon tag: check_circle. Please use one of the following: 
check_check, loader_circle, message_circle, message_circle_code, 
message_circle_dashed, message_circle_heart, message_circle_more, 
message_circle_off, message_circle_plus, message_circle_question, ...
See full list at https://reflex.dev/docs/library/data-display/icon/#icons-list. 
Using 'circle-help' icon instead.
DEBUG (RENDER evaluacion_tab): Estado ACTUAL -> Curso='<reflex.Var>-1572531369824401419</reflex.Var>reflex___state____state__mi_app_estudio___state____app_state.selected_curso', Libro='<reflex.Var>-180585055168832126</reflex.Var>reflex___state____state__mi_app_estudio___state____app_state.selected_libro', Tema='<reflex.Var>-5844514153574429312</reflex.Var>reflex___state____state__mi_app_estudio___state____app_state.selected_tema', EvalActiva=<reflex.Var>-2671896372702893678</reflex.Var>reflex___state____state__mi_app_estudio___state____app_state__mi_app_estudio___evaluaciones____evaluation_state.is_eval_active
Warning: Invalid icon tag: check_circle. Please use one of the following: 
check_check, loader_circle, message_circle, message_circle_code, 
message_circle_dashed, message_circle_heart, message_circle_more, 
message_circle_off, message_circle_plus, message_circle_question, ...
See full list at https://reflex.dev/docs/library/data-display/icon/#icons-list. 
Using 'circle-help' icon instead.
Warning: Invalid icon tag: x_circle. Please use one of the following: 
loader_circle, message_circle, message_circle_code, message_circle_dashed, 
message_circle_heart, message_circle_more, message_circle_off, 
message_circle_plus, message_circle_question, message_circle_reply, ...
See full list at https://reflex.dev/docs/library/data-display/icon/#icons-list. 
Using 'circle-help' icon instead.
Warning: Invalid icon tag: check_circle. Please use one of the following: 
check_check, loader_circle, message_circle, message_circle_code, 
message_circle_dashed, message_circle_heart, message_circle_more, 
message_circle_off, message_circle_plus, message_circle_question, ...
See full list at https://reflex.dev/docs/library/data-display/icon/#icons-list. 
Using 'circle-help' icon instead.
Warning: Invalid icon tag: x_circle. Please use one of the following: 
loader_circle, message_circle, message_circle_code, message_circle_dashed, 
message_circle_heart, message_circle_more, message_circle_off, 
message_circle_plus, message_circle_question, message_circle_reply, ...
See full list at https://reflex.dev/docs/library/data-display/icon/#icons-list. 
Using 'circle-help' icon instead.
Warning: Invalid icon tag: check_circle. Please use one of the following: 
check_check, loader_circle, message_circle, message_circle_code, 
message_circle_dashed, message_circle_heart, message_circle_more, 
message_circle_off, message_circle_plus, message_circle_question, ...
See full list at https://reflex.dev/docs/library/data-display/icon/#icons-list. 
Using 'circle-help' icon instead.
Warning: Invalid icon tag: x_circle. Please use one of the following: 
loader_circle, message_circle, message_circle_code, message_circle_dashed, 
message_circle_heart, message_circle_more, message_circle_off, 
message_circle_plus, message_circle_question, message_circle_reply, ...
See full list at https://reflex.dev/docs/library/data-display/icon/#icons-list. 
Using 'circle-help' icon instead.
Warning: Invalid icon tag: question_mark. Please use one of the following: 
file_question, mail_question, message_circle_question, shield_question, 
book_marked, git_pull_request, git_pull_request_arrow, git_pull_request_closed, 
git_pull_request_create, git_pull_request_create_arrow, ...
See full list at https://reflex.dev/docs/library/data-display/icon/#icons-list. 
Using 'circle-help' icon instead.
[20:09:00] Compiling: ━━━━━━━━━━━━━━━━━━━━━━━━━━━━━━━━━━━━━━━ 100% 16/16 0:00:02
───────────────────────────────── App Running ──────────────────────────────────
App running at: http://localhost:3000
Backend running at: http://0.0.0.0:8000
WARNING:  WatchFiles detected changes in 'mi_app_estudio/state.py'. Reloading...
INFO (config_logic): Cargados 12 cursos con sus libros correspondientes
  - 1ro Básico: 4 libros
  - 2do Básico: 4 libros
  - 3ro Básico: 4 libros
  - 4to Básico: 4 libros
  - 5to Básico: 4 libros
  - 6to Básico: 4 libros
  - 7mo Básico: 4 libros
  - 8vo Básico: 4 libros
  - 1ro Medio: 6 libros
  - 2do Medio: 6 libros
  - 3ro Medio: 3 libros
  - 4to Medio: 3 libros
INFO (config_logic): Hashes de ejemplo cargados (¡SOLO PARA DESARROLLO!)
INFO (login_logic): Usando 'validar_credenciales' desde .config_logic
INFO (resumen_logic): Usando import relativo para config_logic
INFO (resumen_logic): FPDF disponible para generar PDFs.
INFO (db_logic): Base de datos inicializada / tabla asegurada.
INFO: Base de datos inicializada.
INFO: Módulos de backend importados correctamente.
INFO (db_logic): Base de datos inicializada / tabla asegurada.
INFO: Base de datos inicializada.
INFO: Módulos de backend importados correctamente.
Warning: Invalid icon tag: check_circle. Please use one of the following: 
check_check, loader_circle, message_circle, message_circle_code, 
message_circle_dashed, message_circle_heart, message_circle_more, 
message_circle_off, message_circle_plus, message_circle_question, ...
See full list at https://reflex.dev/docs/library/data-display/icon/#icons-list. 
Using 'circle-help' icon instead.
DEBUG (RENDER evaluacion_tab): Estado ACTUAL -> Curso='<reflex.Var>-502984398666595424</reflex.Var>reflex___state____state__mi_app_estudio___state____app_state.selected_curso', Libro='<reflex.Var>-3819996111223492734</reflex.Var>reflex___state____state__mi_app_estudio___state____app_state.selected_libro', Tema='<reflex.Var>-2990214253741348280</reflex.Var>reflex___state____state__mi_app_estudio___state____app_state.selected_tema', EvalActiva=<reflex.Var>2723440048930114657</reflex.Var>reflex___state____state__mi_app_estudio___state____app_state__mi_app_estudio___evaluaciones____evaluation_state.is_eval_active
Warning: Invalid icon tag: check_circle. Please use one of the following: 
check_check, loader_circle, message_circle, message_circle_code, 
message_circle_dashed, message_circle_heart, message_circle_more, 
message_circle_off, message_circle_plus, message_circle_question, ...
See full list at https://reflex.dev/docs/library/data-display/icon/#icons-list. 
Using 'circle-help' icon instead.
Warning: Invalid icon tag: x_circle. Please use one of the following: 
loader_circle, message_circle, message_circle_code, message_circle_dashed, 
message_circle_heart, message_circle_more, message_circle_off, 
message_circle_plus, message_circle_question, message_circle_reply, ...
See full list at https://reflex.dev/docs/library/data-display/icon/#icons-list. 
Using 'circle-help' icon instead.
Warning: Invalid icon tag: check_circle. Please use one of the following: 
check_check, loader_circle, message_circle, message_circle_code, 
message_circle_dashed, message_circle_heart, message_circle_more, 
message_circle_off, message_circle_plus, message_circle_question, ...
See full list at https://reflex.dev/docs/library/data-display/icon/#icons-list. 
Using 'circle-help' icon instead.
Warning: Invalid icon tag: x_circle. Please use one of the following: 
loader_circle, message_circle, message_circle_code, message_circle_dashed, 
message_circle_heart, message_circle_more, message_circle_off, 
message_circle_plus, message_circle_question, message_circle_reply, ...
See full list at https://reflex.dev/docs/library/data-display/icon/#icons-list. 
Using 'circle-help' icon instead.
Warning: Invalid icon tag: check_circle. Please use one of the following: 
check_check, loader_circle, message_circle, message_circle_code, 
message_circle_dashed, message_circle_heart, message_circle_more, 
message_circle_off, message_circle_plus, message_circle_question, ...
See full list at https://reflex.dev/docs/library/data-display/icon/#icons-list. 
Using 'circle-help' icon instead.
Warning: Invalid icon tag: x_circle. Please use one of the following: 
loader_circle, message_circle, message_circle_code, message_circle_dashed, 
message_circle_heart, message_circle_more, message_circle_off, 
message_circle_plus, message_circle_question, message_circle_reply, ...
See full list at https://reflex.dev/docs/library/data-display/icon/#icons-list. 
Using 'circle-help' icon instead.
Warning: Invalid icon tag: question_mark. Please use one of the following: 
file_question, mail_question, message_circle_question, shield_question, 
book_marked, git_pull_request, git_pull_request_arrow, git_pull_request_closed, 
git_pull_request_create, git_pull_request_create_arrow, ...
See full list at https://reflex.dev/docs/library/data-display/icon/#icons-list. 
Using 'circle-help' icon instead.
[21:30:46] Compiling: ━━━━━━━━━━━━━━━━━━━━━━━━━━━━━━━━━━━━━━━ 100% 16/16 0:00:09
Warning: There was an error running command: 
['/home/codespace/.local/share/reflex/bun/bin/bun', 'install', 
'--legacy-peer-deps']. Falling back to: ['/home/codespace/nvm/current/bin/npm', 
'install', '--legacy-peer-deps'].
Installing base frontend packages failed with exit code 217
bun install v1.2.8 (adab0f64)
error: Failed to link @babel/parser: EEXIST

error: Failed to link autoprefixer: EEXIST



npm verbose cli /usr/local/share/nvm/versions/node/v20.19.0/bin/node 
/home/codespace/nvm/current/bin/npm
npm info using npm@10.8.2
npm info using node@v20.19.0
npm silly config 
load:file:/usr/local/share/nvm/versions/node/v20.19.0/lib/node_modules/npm/npmrc
npm silly config load:file:/workspaces/SMART_STUDENT/.web/.npmrc
npm silly config load:file:/home/codespace/.npmrc
npm silly config load:file:/usr/local/share/nvm/versions/node/v20.19.0/etc/npmrc
npm verbose title npm install
npm verbose argv "install" "--legacy-peer-deps" "--loglevel" "silly"
npm verbose logfile logs-max:10 
dir:/home/codespace/.npm/_logs/2025-06-05T21_30_57_991Z-
npm verbose logfile 
/home/codespace/.npm/_logs/2025-06-05T21_30_57_991Z-debug-0.log
npm silly packumentCache heap:2197815296 maxSize:549453824 
maxEntrySize:274726912
npm silly logfile start cleaning logs, removing 2 files
npm silly idealTree buildDeps
npm silly logfile done cleaning log files
npm verbose shrinkwrap failed to load node_modules/.package-lock.json out of 
date, updated: node_modules
npm silly reify mark retired [
npm silly reify   '/workspaces/SMART_STUDENT/.web/node_modules/autoprefixer',
npm silly reify   
'/workspaces/SMART_STUDENT/.web/node_modules/.bin/autoprefixer'
npm silly reify ]
npm silly reify mark retired [
npm silly reify   '/workspaces/SMART_STUDENT/.web/node_modules/cssesc',
npm silly reify   '/workspaces/SMART_STUDENT/.web/node_modules/.bin/cssesc'
npm silly reify ]
npm silly reify mark retired [
npm silly reify   '/workspaces/SMART_STUDENT/.web/node_modules/json5',
npm silly reify   '/workspaces/SMART_STUDENT/.web/node_modules/.bin/json5'
npm silly reify ]
npm silly reify mark retired [
npm silly reify   '/workspaces/SMART_STUDENT/.web/node_modules/semver',
npm silly reify   '/workspaces/SMART_STUDENT/.web/node_modules/.bin/semver'
npm silly reify ]
npm silly reify mark retired [
npm silly reify   '/workspaces/SMART_STUDENT/.web/node_modules/@babel/parser',
npm silly reify   '/workspaces/SMART_STUDENT/.web/node_modules/.bin/parser'
npm silly reify ]
npm silly reify mark retired [ 
'/workspaces/SMART_STUDENT/.web/node_modules/@types/react' ]
npm silly reify moves {
npm silly reify   '/workspaces/SMART_STUDENT/.web/node_modules/autoprefixer': 
'/workspaces/SMART_STUDENT/.web/node_modules/.autoprefixer-U7n80xfS',
npm silly reify   
'/workspaces/SMART_STUDENT/.web/node_modules/.bin/autoprefixer': 
'/workspaces/SMART_STUDENT/.web/node_modules/.bin/.autoprefixer-iyZu7zZe',
npm silly reify   '/workspaces/SMART_STUDENT/.web/node_modules/cssesc': 
'/workspaces/SMART_STUDENT/.web/node_modules/.cssesc-tIB2Ko4z',
npm silly reify   '/workspaces/SMART_STUDENT/.web/node_modules/.bin/cssesc': 
'/workspaces/SMART_STUDENT/.web/node_modules/.bin/.cssesc-8XzkHqpQ',
npm silly reify   '/workspaces/SMART_STUDENT/.web/node_modules/json5': 
'/workspaces/SMART_STUDENT/.web/node_modules/.json5-hUUqBbHg',
npm silly reify   '/workspaces/SMART_STUDENT/.web/node_modules/.bin/json5': 
'/workspaces/SMART_STUDENT/.web/node_modules/.bin/.json5-TR96MTH3',
npm silly reify   '/workspaces/SMART_STUDENT/.web/node_modules/semver': 
'/workspaces/SMART_STUDENT/.web/node_modules/.semver-o9hawcUe',
npm silly reify   '/workspaces/SMART_STUDENT/.web/node_modules/.bin/semver': 
'/workspaces/SMART_STUDENT/.web/node_modules/.bin/.semver-LASOUbJu',
npm silly reify   '/workspaces/SMART_STUDENT/.web/node_modules/@babel/parser': 
'/workspaces/SMART_STUDENT/.web/node_modules/@babel/.parser-PQX0ahNn',
npm silly reify   '/workspaces/SMART_STUDENT/.web/node_modules/.bin/parser': 
'/workspaces/SMART_STUDENT/.web/node_modules/.bin/.parser-Q68Rt1Ib',
npm silly reify   '/workspaces/SMART_STUDENT/.web/node_modules/@types/react': 
'/workspaces/SMART_STUDENT/.web/node_modules/@types/.react-d6L8GUF2'
npm silly reify }
npm verbose stack Error: ENOTEMPTY: directory not empty, rename 
'/workspaces/SMART_STUDENT/.web/node_modules/autoprefixer' -> 
'/workspaces/SMART_STUDENT/.web/node_modules/.autoprefixer-U7n80xfS'
npm verbose stack     at async Object.rename (node:internal/fs/promises:782:10)
npm verbose stack     at async moveFile 
(/usr/local/share/nvm/versions/node/v20.19.0/lib/node_modules/npm/node_modules/@
npmcli/fs/lib/move-file.js:30:5)
npm verbose stack     at async Promise.allSettled (index 0)
npm verbose stack     at async  
(/usr/local/share/nvm/versions/node/v20.19.0/lib/node_modules/npm/node_modules/@
npmcli/arborist/lib/arborist/reify.js:325:11)
npm verbose stack     at async Arborist.reify 
(/usr/local/share/nvm/versions/node/v20.19.0/lib/node_modules/npm/node_modules/@
npmcli/arborist/lib/arborist/reify.js:142:5)
npm verbose stack     at async Install.exec 
(/usr/local/share/nvm/versions/node/v20.19.0/lib/node_modules/npm/lib/commands/i
nstall.js:150:5)
npm verbose stack     at async Npm.exec 
(/usr/local/share/nvm/versions/node/v20.19.0/lib/node_modules/npm/lib/npm.js:207
:9)
npm verbose stack     at async module.exports 
(/usr/local/share/nvm/versions/node/v20.19.0/lib/node_modules/npm/lib/cli/entry.
js:74:5)
npm error code ENOTEMPTY
npm error syscall rename
npm error path /workspaces/SMART_STUDENT/.web/node_modules/autoprefixer
npm error dest 
/workspaces/SMART_STUDENT/.web/node_modules/.autoprefixer-U7n80xfS
npm error errno -39
npm error ENOTEMPTY: directory not empty, rename 
'/workspaces/SMART_STUDENT/.web/node_modules/autoprefixer' -> 
'/workspaces/SMART_STUDENT/.web/node_modules/.autoprefixer-U7n80xfS'
npm silly unfinished npm timer reify 1749159059026
npm silly unfinished npm timer reify:retireShallow 1749159061049
npm verbose cwd /workspaces/SMART_STUDENT/.web
npm verbose os Linux 6.8.0-1027-azure
npm verbose node v20.19.0
npm verbose npm  v10.8.2
npm verbose exit -39
npm verbose code -39
npm error A complete log of this run can be found in: 
/home/codespace/.npm/_logs/2025-06-05T21_30_57_991Z-debug-0.log



Run with --loglevel debug  for the full log.
exception calling callback for <Future at 0x7996f4153260 state=finished raised Exit>
Traceback (most recent call last):
  File "/usr/local/python/3.12.1/lib/python3.12/concurrent/futures/_base.py", line 340, in _invoke_callbacks
    callback(self)
  File "/usr/local/python/3.12.1/lib/python3.12/site-packages/reflex/app.py", line 591, in <lambda>
    lambda f: f.result()
              ^^^^^^^^^^
  File "/usr/local/python/3.12.1/lib/python3.12/concurrent/futures/_base.py", line 449, in result
    return self.__get_result()
           ^^^^^^^^^^^^^^^^^^^
  File "/usr/local/python/3.12.1/lib/python3.12/concurrent/futures/_base.py", line 401, in __get_result
    raise self._exception
  File "/usr/local/python/3.12.1/lib/python3.12/concurrent/futures/thread.py", line 58, in run
    result = self.fn(*self.args, **self.kwargs)
             ^^^^^^^^^^^^^^^^^^^^^^^^^^^^^^^^^^
  File "/usr/local/python/3.12.1/lib/python3.12/site-packages/reflex/app.py", line 1361, in _compile
    self._get_frontend_packages(all_imports)
  File "/usr/local/python/3.12.1/lib/python3.12/site-packages/reflex/app.py", line 945, in _get_frontend_packages
    prerequisites.install_frontend_packages(page_imports, get_config())
  File "/usr/local/python/3.12.1/lib/python3.12/site-packages/reflex/utils/prerequisites.py", line 1235, in _inner
    func(*args, **kwargs)
  File "/usr/local/python/3.12.1/lib/python3.12/site-packages/reflex/utils/prerequisites.py", line 1275, in install_frontend_packages
    processes.run_process_with_fallbacks(
  File "/usr/local/python/3.12.1/lib/python3.12/site-packages/reflex/utils/processes.py", line 484, in run_process_with_fallbacks
    run_process_with_fallbacks(
  File "/usr/local/python/3.12.1/lib/python3.12/site-packages/reflex/utils/processes.py", line 461, in run_process_with_fallbacks
    show_status(
  File "/usr/local/python/3.12.1/lib/python3.12/site-packages/reflex/utils/processes.py", line 382, in show_status
    for line in stream_logs(
  File "/usr/local/python/3.12.1/lib/python3.12/site-packages/reflex/utils/processes.py", line 346, in stream_logs
    raise typer.Exit(1)
click.exceptions.Exit: 1
[21:36:37] Reflex app stopped.                                    console.py:164
